[0.012s] Invoking command in '/home/payn/ros2_ws/src/sam_bot_description/build/sam_bot_description': CMAKE_PREFIX_PATH=${CMAKE_PREFIX_PATH}:/opt/ros/jazzy /usr/bin/cmake /home/payn/ros2_ws/src/sam_bot_description -DCMAKE_INSTALL_PREFIX=/home/payn/ros2_ws/src/sam_bot_description/install/sam_bot_description
[0.025s] -- Found ament_cmake: 2.5.4 (/opt/ros/jazzy/share/ament_cmake/cmake)
[0.180s] -- Override CMake install command with custom implementation using symlinks instead of copying resources
[0.185s] -- Found ament_lint_auto: 0.17.2 (/opt/ros/jazzy/share/ament_lint_auto/cmake)
[0.269s] -- Added test 'cppcheck' to perform static code analysis on C / C++ code
[0.269s] -- Configured cppcheck include dirs: 
[0.269s] -- Configured cppcheck exclude dirs and/or files: 
[0.271s] -- Added test 'flake8' to check Python code syntax and style conventions
[0.271s] -- Configured 'flake8' exclude dirs and/or files: 
[0.274s] -- Added test 'lint_cmake' to check CMake code style
[0.276s] -- Added test 'pep257' to check Python code against some of the docstring style conventions in PEP 257
[0.288s] -- Added test 'uncrustify' to check C / C++ code style
[0.288s] -- Configured uncrustify additional arguments: 
[0.290s] -- Added test 'xmllint' to check XML markup files
[0.291s] -- Configuring done (0.3s)
[0.294s] -- Generating done (0.0s)
[0.295s] -- Build files have been written to: /home/payn/ros2_ws/src/sam_bot_description/build/sam_bot_description
[0.298s] Invoked command in '/home/payn/ros2_ws/src/sam_bot_description/build/sam_bot_description' returned '0': CMAKE_PREFIX_PATH=${CMAKE_PREFIX_PATH}:/opt/ros/jazzy /usr/bin/cmake /home/payn/ros2_ws/src/sam_bot_description -DCMAKE_INSTALL_PREFIX=/home/payn/ros2_ws/src/sam_bot_description/install/sam_bot_description
[0.299s] Invoking command in '/home/payn/ros2_ws/src/sam_bot_description/build/sam_bot_description': CMAKE_PREFIX_PATH=${CMAKE_PREFIX_PATH}:/opt/ros/jazzy /usr/bin/cmake --build /home/payn/ros2_ws/src/sam_bot_description/build/sam_bot_description -- -j8 -l8
[0.329s] Invoked command in '/home/payn/ros2_ws/src/sam_bot_description/build/sam_bot_description' returned '0': CMAKE_PREFIX_PATH=${CMAKE_PREFIX_PATH}:/opt/ros/jazzy /usr/bin/cmake --build /home/payn/ros2_ws/src/sam_bot_description/build/sam_bot_description -- -j8 -l8
[0.340s] Invoking command in '/home/payn/ros2_ws/src/sam_bot_description/build/sam_bot_description': CMAKE_PREFIX_PATH=${CMAKE_PREFIX_PATH}:/opt/ros/jazzy /usr/bin/cmake --install /home/payn/ros2_ws/src/sam_bot_description/build/sam_bot_description
[0.348s] -- Install configuration: ""
[0.348s] -- Execute custom install script
[0.348s] -- Up-to-date symlink: /home/payn/ros2_ws/src/sam_bot_description/install/sam_bot_description/share/sam_bot_description/src/description/sam_bot_description.sdf
[0.348s] -- Up-to-date symlink: /home/payn/ros2_ws/src/sam_bot_description/install/sam_bot_description/share/sam_bot_description/src/description/sam_bot_description.urdf
[0.348s] -- Up-to-date symlink: /home/payn/ros2_ws/src/sam_bot_description/install/sam_bot_description/share/sam_bot_description/launch/display.launch.py
[0.349s] -- Symlinking: /home/payn/ros2_ws/src/sam_bot_description/install/sam_bot_description/share/sam_bot_description/launch/display_sdf.launch.py
[0.357s] -- Up-to-date symlink: /home/payn/ros2_ws/src/sam_bot_description/install/sam_bot_description/share/sam_bot_description/rviz/config.rviz
[0.357s] -- Up-to-date symlink: /home/payn/ros2_ws/src/sam_bot_description/install/sam_bot_description/share/ament_index/resource_index/package_run_dependencies/sam_bot_description
[0.357s] -- Up-to-date symlink: /home/payn/ros2_ws/src/sam_bot_description/install/sam_bot_description/share/ament_index/resource_index/parent_prefix_path/sam_bot_description
[0.358s] -- Up-to-date symlink: /home/payn/ros2_ws/src/sam_bot_description/install/sam_bot_description/share/sam_bot_description/environment/ament_prefix_path.sh
[0.358s] -- Up-to-date symlink: /home/payn/ros2_ws/src/sam_bot_description/install/sam_bot_description/share/sam_bot_description/environment/ament_prefix_path.dsv
[0.358s] -- Up-to-date symlink: /home/payn/ros2_ws/src/sam_bot_description/install/sam_bot_description/share/sam_bot_description/environment/path.sh
[0.358s] -- Up-to-date symlink: /home/payn/ros2_ws/src/sam_bot_description/install/sam_bot_description/share/sam_bot_description/environment/path.dsv
[0.358s] -- Up-to-date symlink: /home/payn/ros2_ws/src/sam_bot_description/install/sam_bot_description/share/sam_bot_description/local_setup.bash
[0.359s] -- Up-to-date symlink: /home/payn/ros2_ws/src/sam_bot_description/install/sam_bot_description/share/sam_bot_description/local_setup.sh
[0.359s] -- Up-to-date symlink: /home/payn/ros2_ws/src/sam_bot_description/install/sam_bot_description/share/sam_bot_description/local_setup.zsh
[0.359s] -- Up-to-date symlink: /home/payn/ros2_ws/src/sam_bot_description/install/sam_bot_description/share/sam_bot_description/local_setup.dsv
[0.359s] -- Symlinking: /home/payn/ros2_ws/src/sam_bot_description/install/sam_bot_description/share/sam_bot_description/package.dsv
[0.368s] -- Up-to-date symlink: /home/payn/ros2_ws/src/sam_bot_description/install/sam_bot_description/share/ament_index/resource_index/packages/sam_bot_description
[0.368s] -- Up-to-date symlink: /home/payn/ros2_ws/src/sam_bot_description/install/sam_bot_description/share/sam_bot_description/cmake/sam_bot_descriptionConfig.cmake
[0.368s] -- Up-to-date symlink: /home/payn/ros2_ws/src/sam_bot_description/install/sam_bot_description/share/sam_bot_description/cmake/sam_bot_descriptionConfig-version.cmake
[0.368s] -- Up-to-date symlink: /home/payn/ros2_ws/src/sam_bot_description/install/sam_bot_description/share/sam_bot_description/package.xml
[0.369s] Invoked command in '/home/payn/ros2_ws/src/sam_bot_description/build/sam_bot_description' returned '0': CMAKE_PREFIX_PATH=${CMAKE_PREFIX_PATH}:/opt/ros/jazzy /usr/bin/cmake --install /home/payn/ros2_ws/src/sam_bot_description/build/sam_bot_description
