[0.021s] Invoking command in '/home/payn/ros2_ws/src/sam_bot_description/build/sam_bot_description': CMAKE_PREFIX_PATH=${CMAKE_PREFIX_PATH}:/opt/ros/jazzy /usr/bin/cmake --build /home/payn/ros2_ws/src/sam_bot_description/build/sam_bot_description -- -j8 -l8
[0.146s] Invoked command in '/home/payn/ros2_ws/src/sam_bot_description/build/sam_bot_description' returned '0': CMAKE_PREFIX_PATH=${CMAKE_PREFIX_PATH}:/opt/ros/jazzy /usr/bin/cmake --build /home/payn/ros2_ws/src/sam_bot_description/build/sam_bot_description -- -j8 -l8
[0.157s] Invoking command in '/home/payn/ros2_ws/src/sam_bot_description/build/sam_bot_description': CMAKE_PREFIX_PATH=${CMAKE_PREFIX_PATH}:/opt/ros/jazzy /usr/bin/cmake --install /home/payn/ros2_ws/src/sam_bot_description/build/sam_bot_description
[0.163s] -- Install configuration: ""
[0.165s] -- Up-to-date: /home/payn/ros2_ws/src/sam_bot_description/install/sam_bot_description/share/sam_bot_description/src
[0.165s] -- Up-to-date: /home/payn/ros2_ws/src/sam_bot_description/install/sam_bot_description/share/sam_bot_description/src/description
[0.165s] -- Installing: /home/payn/ros2_ws/src/sam_bot_description/install/sam_bot_description/share/sam_bot_description/src/description/sam_bot_description.urdf
[0.166s] -- Up-to-date: /home/payn/ros2_ws/src/sam_bot_description/install/sam_bot_description/share/sam_bot_description/launch
[0.167s] -- Up-to-date: /home/payn/ros2_ws/src/sam_bot_description/install/sam_bot_description/share/sam_bot_description/launch/display.launch.py
[0.167s] -- Up-to-date: /home/payn/ros2_ws/src/sam_bot_description/install/sam_bot_description/share/sam_bot_description/rviz
[0.167s] -- Up-to-date: /home/payn/ros2_ws/src/sam_bot_description/install/sam_bot_description/share/sam_bot_description/rviz/config.rviz
[0.167s] -- Up-to-date: /home/payn/ros2_ws/src/sam_bot_description/install/sam_bot_description/share/ament_index/resource_index/package_run_dependencies/sam_bot_description
[0.168s] -- Up-to-date: /home/payn/ros2_ws/src/sam_bot_description/install/sam_bot_description/share/ament_index/resource_index/parent_prefix_path/sam_bot_description
[0.168s] -- Up-to-date: /home/payn/ros2_ws/src/sam_bot_description/install/sam_bot_description/share/sam_bot_description/environment/ament_prefix_path.sh
[0.168s] -- Up-to-date: /home/payn/ros2_ws/src/sam_bot_description/install/sam_bot_description/share/sam_bot_description/environment/ament_prefix_path.dsv
[0.168s] -- Up-to-date: /home/payn/ros2_ws/src/sam_bot_description/install/sam_bot_description/share/sam_bot_description/environment/path.sh
[0.168s] -- Up-to-date: /home/payn/ros2_ws/src/sam_bot_description/install/sam_bot_description/share/sam_bot_description/environment/path.dsv
[0.168s] -- Up-to-date: /home/payn/ros2_ws/src/sam_bot_description/install/sam_bot_description/share/sam_bot_description/local_setup.bash
[0.168s] -- Up-to-date: /home/payn/ros2_ws/src/sam_bot_description/install/sam_bot_description/share/sam_bot_description/local_setup.sh
[0.168s] -- Up-to-date: /home/payn/ros2_ws/src/sam_bot_description/install/sam_bot_description/share/sam_bot_description/local_setup.zsh
[0.168s] -- Up-to-date: /home/payn/ros2_ws/src/sam_bot_description/install/sam_bot_description/share/sam_bot_description/local_setup.dsv
[0.168s] -- Installing: /home/payn/ros2_ws/src/sam_bot_description/install/sam_bot_description/share/sam_bot_description/package.dsv
[0.169s] -- Up-to-date: /home/payn/ros2_ws/src/sam_bot_description/install/sam_bot_description/share/ament_index/resource_index/packages/sam_bot_description
[0.169s] -- Up-to-date: /home/payn/ros2_ws/src/sam_bot_description/install/sam_bot_description/share/sam_bot_description/cmake/sam_bot_descriptionConfig.cmake
[0.169s] -- Up-to-date: /home/payn/ros2_ws/src/sam_bot_description/install/sam_bot_description/share/sam_bot_description/cmake/sam_bot_descriptionConfig-version.cmake
[0.169s] -- Up-to-date: /home/payn/ros2_ws/src/sam_bot_description/install/sam_bot_description/share/sam_bot_description/package.xml
[0.170s] Invoked command in '/home/payn/ros2_ws/src/sam_bot_description/build/sam_bot_description' returned '0': CMAKE_PREFIX_PATH=${CMAKE_PREFIX_PATH}:/opt/ros/jazzy /usr/bin/cmake --install /home/payn/ros2_ws/src/sam_bot_description/build/sam_bot_description
