[-0.388s] DEBUG:colcon:Command line arguments: ['/usr/bin/colcon', 'build']
[-0.388s] DEBUG:colcon:Parsed command line arguments: Namespace(log_base=None, log_level=None, verb_name='build', build_base='build', install_base='install', merge_install=False, symlink_install=False, test_result_base=None, continue_on_error=False, executor='parallel', parallel_workers=8, event_handlers=None, ignore_user_meta=False, metas=['./colcon.meta'], base_paths=['.'], packages_ignore=None, packages_ignore_regex=None, paths=None, packages_up_to=None, packages_up_to_regex=None, packages_above=None, packages_above_and_dependencies=None, packages_above_depth=None, packages_select_by_dep=None, packages_skip_by_dep=None, packages_skip_up_to=None, packages_select_build_failed=False, packages_skip_build_finished=False, packages_select_test_failures=False, packages_skip_test_passed=False, packages_select=None, packages_skip=None, packages_select_regex=None, packages_skip_regex=None, packages_start=None, packages_end=None, allow_overriding=[], cmake_args=None, cmake_target=None, cmake_target_skip_unavailable=False, cmake_clean_cache=False, cmake_clean_first=False, cmake_force_configure=False, ament_cmake_args=None, catkin_cmake_args=None, catkin_skip_building_tests=False, mixin_files=None, mixin=None, verb_parser=<colcon_mixin.mixin.mixin_argument.MixinArgumentDecorator object at 0x7f41fa452450>, verb_extension=<colcon_core.verb.build.BuildVerb object at 0x7f41fa3fc3b0>, main=<bound method BuildVerb.main of <colcon_core.verb.build.BuildVerb object at 0x7f41fa3fc3b0>>, mixin_verb=('build',))
[-0.271s] Level 1:colcon.colcon_core.package_discovery:discover_packages(colcon_meta) check parameters
[-0.271s] Level 1:colcon.colcon_core.package_discovery:discover_packages(recursive) check parameters
[-0.271s] Level 1:colcon.colcon_core.package_discovery:discover_packages(ignore) check parameters
[-0.271s] Level 1:colcon.colcon_core.package_discovery:discover_packages(path) check parameters
[-0.271s] Level 1:colcon.colcon_core.package_discovery:discover_packages(colcon_meta) discover
[-0.271s] Level 1:colcon.colcon_core.package_discovery:discover_packages(recursive) discover
[-0.271s] INFO:colcon.colcon_core.package_discovery:Crawling recursively for packages in '/home/payn/ros2_ws/src/sam_bot_description'
[-0.270s] Level 1:colcon.colcon_core.package_identification:_identify(.) by extensions ['ignore', 'ignore_ament_install']
[-0.270s] Level 1:colcon.colcon_core.package_identification:_identify(.) by extension 'ignore'
[-0.270s] Level 1:colcon.colcon_core.package_identification:_identify(.) by extension 'ignore_ament_install'
[-0.270s] Level 1:colcon.colcon_core.package_identification:_identify(.) by extensions ['colcon_pkg']
[-0.270s] Level 1:colcon.colcon_core.package_identification:_identify(.) by extension 'colcon_pkg'
[-0.270s] Level 1:colcon.colcon_core.package_identification:_identify(.) by extensions ['colcon_meta']
[-0.270s] Level 1:colcon.colcon_core.package_identification:_identify(.) by extension 'colcon_meta'
[-0.270s] Level 1:colcon.colcon_core.package_identification:_identify(.) by extensions ['ros']
[-0.270s] Level 1:colcon.colcon_core.package_identification:_identify(.) by extension 'ros'
[-0.211s] DEBUG:colcon.colcon_core.package_identification:Package '.' with type 'ros.ament_cmake' and name 'sam_bot_description'
[-0.211s] Level 1:colcon.colcon_core.package_discovery:discover_packages(recursive) using defaults
[-0.211s] Level 1:colcon.colcon_core.package_discovery:discover_packages(ignore) discover
[-0.211s] Level 1:colcon.colcon_core.package_discovery:discover_packages(ignore) using defaults
[-0.211s] Level 1:colcon.colcon_core.package_discovery:discover_packages(path) discover
[-0.211s] Level 1:colcon.colcon_core.package_discovery:discover_packages(path) using defaults
[-0.155s] Level 1:colcon.colcon_core.package_discovery:discover_packages(prefix_path) check parameters
[-0.155s] Level 1:colcon.colcon_core.package_discovery:discover_packages(prefix_path) discover
[-0.133s] DEBUG:colcon.colcon_installed_package_information.package_discovery:Found 3 installed packages in /home/payn/ros2_ws/install
[-0.131s] DEBUG:colcon.colcon_installed_package_information.package_discovery:Found 419 installed packages in /opt/ros/jazzy
[-0.129s] Level 1:colcon.colcon_core.package_discovery:discover_packages(prefix_path) using defaults
[-0.062s] Level 5:colcon.colcon_core.verb:set package 'sam_bot_description' build argument 'cmake_args' from command line to 'None'
[-0.062s] Level 5:colcon.colcon_core.verb:set package 'sam_bot_description' build argument 'cmake_target' from command line to 'None'
[-0.062s] Level 5:colcon.colcon_core.verb:set package 'sam_bot_description' build argument 'cmake_target_skip_unavailable' from command line to 'False'
[-0.062s] Level 5:colcon.colcon_core.verb:set package 'sam_bot_description' build argument 'cmake_clean_cache' from command line to 'False'
[-0.062s] Level 5:colcon.colcon_core.verb:set package 'sam_bot_description' build argument 'cmake_clean_first' from command line to 'False'
[-0.062s] Level 5:colcon.colcon_core.verb:set package 'sam_bot_description' build argument 'cmake_force_configure' from command line to 'False'
[-0.062s] Level 5:colcon.colcon_core.verb:set package 'sam_bot_description' build argument 'ament_cmake_args' from command line to 'None'
[-0.062s] Level 5:colcon.colcon_core.verb:set package 'sam_bot_description' build argument 'catkin_cmake_args' from command line to 'None'
[-0.062s] Level 5:colcon.colcon_core.verb:set package 'sam_bot_description' build argument 'catkin_skip_building_tests' from command line to 'False'
[-0.062s] DEBUG:colcon.colcon_core.verb:Building package 'sam_bot_description' with the following arguments: {'ament_cmake_args': None, 'build_base': '/home/payn/ros2_ws/src/sam_bot_description/build/sam_bot_description', 'catkin_cmake_args': None, 'catkin_skip_building_tests': False, 'cmake_args': None, 'cmake_clean_cache': False, 'cmake_clean_first': False, 'cmake_force_configure': False, 'cmake_target': None, 'cmake_target_skip_unavailable': False, 'install_base': '/home/payn/ros2_ws/src/sam_bot_description/install/sam_bot_description', 'merge_install': False, 'path': '/home/payn/ros2_ws/src/sam_bot_description', 'symlink_install': False, 'test_result_base': None}
[-0.062s] INFO:colcon.colcon_core.executor:Executing jobs using 'parallel' executor
[-0.061s] DEBUG:colcon.colcon_parallel_executor.executor.parallel:run_until_complete
[-0.061s] INFO:colcon.colcon_ros.task.ament_cmake.build:Building ROS package in '/home/payn/ros2_ws/src/sam_bot_description' with build type 'ament_cmake'
[-0.061s] INFO:colcon.colcon_cmake.task.cmake.build:Building CMake package in '/home/payn/ros2_ws/src/sam_bot_description'
[-0.048s] INFO:colcon.colcon_core.plugin_system:Skipping extension 'colcon_core.shell.bat': Not used on non-Windows systems
[-0.048s] INFO:colcon.colcon_core.shell:Skip shell extension 'powershell' for command environment: Not usable outside of PowerShell
[-0.048s] DEBUG:colcon.colcon_core.shell:Skip shell extension 'dsv' for command environment
[-0.035s] DEBUG:colcon.colcon_core.event_handler.log_command:Invoking command in '/home/payn/ros2_ws/src/sam_bot_description/build/sam_bot_description': CMAKE_PREFIX_PATH=${CMAKE_PREFIX_PATH}:/opt/ros/jazzy /usr/bin/cmake /home/payn/ros2_ws/src/sam_bot_description -DCMAKE_INSTALL_PREFIX=/home/payn/ros2_ws/src/sam_bot_description/install/sam_bot_description
[9.203s] DEBUG:colcon.colcon_core.event_handler.log_command:Invoked command in '/home/payn/ros2_ws/src/sam_bot_description/build/sam_bot_description' returned '0': CMAKE_PREFIX_PATH=${CMAKE_PREFIX_PATH}:/opt/ros/jazzy /usr/bin/cmake /home/payn/ros2_ws/src/sam_bot_description -DCMAKE_INSTALL_PREFIX=/home/payn/ros2_ws/src/sam_bot_description/install/sam_bot_description
[9.205s] DEBUG:colcon.colcon_core.event_handler.log_command:Invoking command in '/home/payn/ros2_ws/src/sam_bot_description/build/sam_bot_description': CMAKE_PREFIX_PATH=${CMAKE_PREFIX_PATH}:/opt/ros/jazzy /usr/bin/cmake --build /home/payn/ros2_ws/src/sam_bot_description/build/sam_bot_description -- -j8 -l8
[9.240s] DEBUG:colcon.colcon_core.event_handler.log_command:Invoked command in '/home/payn/ros2_ws/src/sam_bot_description/build/sam_bot_description' returned '0': CMAKE_PREFIX_PATH=${CMAKE_PREFIX_PATH}:/opt/ros/jazzy /usr/bin/cmake --build /home/payn/ros2_ws/src/sam_bot_description/build/sam_bot_description -- -j8 -l8
[9.249s] DEBUG:colcon.colcon_core.event_handler.log_command:Invoking command in '/home/payn/ros2_ws/src/sam_bot_description/build/sam_bot_description': CMAKE_PREFIX_PATH=${CMAKE_PREFIX_PATH}:/opt/ros/jazzy /usr/bin/cmake --install /home/payn/ros2_ws/src/sam_bot_description/build/sam_bot_description
[9.268s] Level 1:colcon.colcon_core.environment:create_environment_scripts_only(sam_bot_description)
[9.269s] DEBUG:colcon.colcon_core.event_handler.log_command:Invoked command in '/home/payn/ros2_ws/src/sam_bot_description/build/sam_bot_description' returned '0': CMAKE_PREFIX_PATH=${CMAKE_PREFIX_PATH}:/opt/ros/jazzy /usr/bin/cmake --install /home/payn/ros2_ws/src/sam_bot_description/build/sam_bot_description
[9.281s] Level 1:colcon.colcon_core.environment:checking '/home/payn/ros2_ws/src/sam_bot_description/install/sam_bot_description' for CMake module files
[9.282s] Level 1:colcon.colcon_core.environment:checking '/home/payn/ros2_ws/src/sam_bot_description/install/sam_bot_description' for CMake config files
[9.282s] Level 1:colcon.colcon_core.shell:create_environment_hook('sam_bot_description', 'cmake_prefix_path')
[9.282s] INFO:colcon.colcon_core.shell:Creating environment hook '/home/payn/ros2_ws/src/sam_bot_description/install/sam_bot_description/share/sam_bot_description/hook/cmake_prefix_path.ps1'
[9.284s] INFO:colcon.colcon_core.shell:Creating environment descriptor '/home/payn/ros2_ws/src/sam_bot_description/install/sam_bot_description/share/sam_bot_description/hook/cmake_prefix_path.dsv'
[9.285s] INFO:colcon.colcon_core.shell:Creating environment hook '/home/payn/ros2_ws/src/sam_bot_description/install/sam_bot_description/share/sam_bot_description/hook/cmake_prefix_path.sh'
[9.287s] Level 1:colcon.colcon_core.environment:checking '/home/payn/ros2_ws/src/sam_bot_description/install/sam_bot_description/bin'
[9.287s] Level 1:colcon.colcon_core.environment:checking '/home/payn/ros2_ws/src/sam_bot_description/install/sam_bot_description/lib/pkgconfig/sam_bot_description.pc'
[9.287s] Level 1:colcon.colcon_core.environment:checking '/home/payn/ros2_ws/src/sam_bot_description/install/sam_bot_description/lib/python3.12/site-packages'
[9.287s] Level 1:colcon.colcon_core.environment:checking '/home/payn/ros2_ws/src/sam_bot_description/install/sam_bot_description/bin'
[9.288s] INFO:colcon.colcon_core.shell:Creating package script '/home/payn/ros2_ws/src/sam_bot_description/install/sam_bot_description/share/sam_bot_description/package.ps1'
[9.289s] INFO:colcon.colcon_core.shell:Creating package descriptor '/home/payn/ros2_ws/src/sam_bot_description/install/sam_bot_description/share/sam_bot_description/package.dsv'
[9.289s] INFO:colcon.colcon_core.shell:Creating package script '/home/payn/ros2_ws/src/sam_bot_description/install/sam_bot_description/share/sam_bot_description/package.sh'
[9.290s] INFO:colcon.colcon_core.shell:Creating package script '/home/payn/ros2_ws/src/sam_bot_description/install/sam_bot_description/share/sam_bot_description/package.bash'
[9.292s] INFO:colcon.colcon_core.shell:Creating package script '/home/payn/ros2_ws/src/sam_bot_description/install/sam_bot_description/share/sam_bot_description/package.zsh'
[9.293s] Level 1:colcon.colcon_core.environment:create_file_with_runtime_dependencies(/home/payn/ros2_ws/src/sam_bot_description/install/sam_bot_description/share/colcon-core/packages/sam_bot_description)
[9.294s] Level 1:colcon.colcon_core.environment:create_environment_scripts_only(sam_bot_description)
[9.294s] Level 1:colcon.colcon_core.environment:checking '/home/payn/ros2_ws/src/sam_bot_description/install/sam_bot_description' for CMake module files
[9.295s] Level 1:colcon.colcon_core.environment:checking '/home/payn/ros2_ws/src/sam_bot_description/install/sam_bot_description' for CMake config files
[9.295s] Level 1:colcon.colcon_core.shell:create_environment_hook('sam_bot_description', 'cmake_prefix_path')
[9.295s] INFO:colcon.colcon_core.shell:Creating environment hook '/home/payn/ros2_ws/src/sam_bot_description/install/sam_bot_description/share/sam_bot_description/hook/cmake_prefix_path.ps1'
[9.295s] INFO:colcon.colcon_core.shell:Creating environment descriptor '/home/payn/ros2_ws/src/sam_bot_description/install/sam_bot_description/share/sam_bot_description/hook/cmake_prefix_path.dsv'
[9.296s] INFO:colcon.colcon_core.shell:Creating environment hook '/home/payn/ros2_ws/src/sam_bot_description/install/sam_bot_description/share/sam_bot_description/hook/cmake_prefix_path.sh'
[9.296s] Level 1:colcon.colcon_core.environment:checking '/home/payn/ros2_ws/src/sam_bot_description/install/sam_bot_description/bin'
[9.296s] Level 1:colcon.colcon_core.environment:checking '/home/payn/ros2_ws/src/sam_bot_description/install/sam_bot_description/lib/pkgconfig/sam_bot_description.pc'
[9.297s] Level 1:colcon.colcon_core.environment:checking '/home/payn/ros2_ws/src/sam_bot_description/install/sam_bot_description/lib/python3.12/site-packages'
[9.297s] Level 1:colcon.colcon_core.environment:checking '/home/payn/ros2_ws/src/sam_bot_description/install/sam_bot_description/bin'
[9.297s] INFO:colcon.colcon_core.shell:Creating package script '/home/payn/ros2_ws/src/sam_bot_description/install/sam_bot_description/share/sam_bot_description/package.ps1'
[9.298s] INFO:colcon.colcon_core.shell:Creating package descriptor '/home/payn/ros2_ws/src/sam_bot_description/install/sam_bot_description/share/sam_bot_description/package.dsv'
[9.299s] INFO:colcon.colcon_core.shell:Creating package script '/home/payn/ros2_ws/src/sam_bot_description/install/sam_bot_description/share/sam_bot_description/package.sh'
[9.300s] INFO:colcon.colcon_core.shell:Creating package script '/home/payn/ros2_ws/src/sam_bot_description/install/sam_bot_description/share/sam_bot_description/package.bash'
[9.300s] INFO:colcon.colcon_core.shell:Creating package script '/home/payn/ros2_ws/src/sam_bot_description/install/sam_bot_description/share/sam_bot_description/package.zsh'
[9.301s] Level 1:colcon.colcon_core.environment:create_file_with_runtime_dependencies(/home/payn/ros2_ws/src/sam_bot_description/install/sam_bot_description/share/colcon-core/packages/sam_bot_description)
[9.301s] DEBUG:colcon.colcon_parallel_executor.executor.parallel:closing loop
[9.302s] DEBUG:colcon.colcon_parallel_executor.executor.parallel:loop closed
[9.302s] DEBUG:colcon.colcon_parallel_executor.executor.parallel:run_until_complete finished with '0'
[9.302s] DEBUG:colcon.colcon_core.event_reactor:joining thread
[9.451s] INFO:colcon.colcon_core.plugin_system:Skipping extension 'colcon_notification.desktop_notification.notify_send': Could not find 'notify-send'
[9.452s] INFO:colcon.colcon_core.plugin_system:Skipping extension 'colcon_notification.desktop_notification.terminal_notifier': Not used on non-Darwin systems
[9.452s] INFO:colcon.colcon_core.plugin_system:Skipping extension 'colcon_notification.desktop_notification.win32': Not used on non-Windows systems
[9.452s] INFO:colcon.colcon_notification.desktop_notification:Sending desktop notification using 'notify2'
[9.483s] DEBUG:colcon.colcon_notification.desktop_notification.notify2:Failed to initialize notify2: org.freedesktop.DBus.Error.ServiceUnknown: The name org.freedesktop.Notifications was not provided by any .service files
[9.484s] DEBUG:colcon.colcon_core.event_reactor:joined thread
[9.484s] INFO:colcon.colcon_core.shell:Creating prefix script '/home/payn/ros2_ws/src/sam_bot_description/install/local_setup.ps1'
[9.485s] INFO:colcon.colcon_core.shell:Creating prefix util module '/home/payn/ros2_ws/src/sam_bot_description/install/_local_setup_util_ps1.py'
[9.487s] INFO:colcon.colcon_core.shell:Creating prefix chain script '/home/payn/ros2_ws/src/sam_bot_description/install/setup.ps1'
[9.488s] INFO:colcon.colcon_core.shell:Creating prefix script '/home/payn/ros2_ws/src/sam_bot_description/install/local_setup.sh'
[9.489s] INFO:colcon.colcon_core.shell:Creating prefix util module '/home/payn/ros2_ws/src/sam_bot_description/install/_local_setup_util_sh.py'
[9.489s] INFO:colcon.colcon_core.shell:Creating prefix chain script '/home/payn/ros2_ws/src/sam_bot_description/install/setup.sh'
[9.491s] INFO:colcon.colcon_core.shell:Creating prefix script '/home/payn/ros2_ws/src/sam_bot_description/install/local_setup.bash'
[9.491s] INFO:colcon.colcon_core.shell:Creating prefix chain script '/home/payn/ros2_ws/src/sam_bot_description/install/setup.bash'
[9.493s] INFO:colcon.colcon_core.shell:Creating prefix script '/home/payn/ros2_ws/src/sam_bot_description/install/local_setup.zsh'
[9.493s] INFO:colcon.colcon_core.shell:Creating prefix chain script '/home/payn/ros2_ws/src/sam_bot_description/install/setup.zsh'
